<?xml version="1.0" encoding="UTF-8"?>
<!-- Generated by org.testng.reporters.JUnitReportReporter -->
<testsuite hostname="MAHFUZ" failures="0" tests="1" name="com.osa.runner.Run" time="0.214" errors="0" timestamp="2021-02-12T14:58:55 EST" skipped="0">
  <testcase classname="com.osa.runner.Run" name="feature" time="0.214"/>
</testsuite> <!-- com.osa.runner.Run -->
